2026-07-13 12:34:00,443 - main - INFO - {'constellation_id': 1, 'constellation_name': 'Sentinel-6', 'num_sat': 1, 'num_planes': 1, 'rx_constellation': '1', 'elevation_mask': [], 'el_mask_max': [], 'uere_list': [], 'tle_file_name': None, 'obs_inci_angle_start': None, 'obs_inci_angle_stop': None, 'obs_swath_start': None, 'obs_swath_stop': 10000.0, 'frontal_area': None, 'mass': None}
2026-07-13 12:34:00,443 - main - INFO - {'constellation_id': 1, 'constellation_name': 'Sentinel-6', 'sat_id': 1, 'plane': 1, 'name': '', 'rx_constellation': '1', 'ltan': -1, 'sso_raan_ref': None, 'sso_raan_ref_mjd': 0.0, 'elevation_mask': [], 'el_mask_max': [], 'uere_list': [], 'kepler': <segments.KeplerSet object at 0x00000129D8B69010>, 'tle_line1': '', 'tle_line2': '', 'frontal_area': None, 'mass': None, 'satrec': None, 'pos_eci': array([0., 0., 0.]), 'vel_eci': array([0., 0., 0.]), 'pos_ecf': array([0., 0., 0.]), 'vel_ecf': array([0., 0., 0.]), 'lla': array([0., 0., 0.]), 'idx_stat_in_view': [], 'idx_sat_in_view': [], 'obs_inci_angle_start': None, 'obs_inci_angle_stop': None, 'obs_swath_start': None, 'obs_swath_stop': None, 'p1': array([0., 0., 0.]), 'p2': array([0., 0., 0.]), 'p3': array([0., 0., 0.]), 'p4': array([0., 0., 0.])}
2026-07-13 12:34:01,954 - main - INFO - {'constellation_id': 1, 'station_id': 1, 'station_name': 'Fairbanks', 'rx_constellation': '1', 'elevation_mask': [0.08726646259971647], 'el_mask_max': [1.5707963267948966], 'pos_eci': array([0., 0., 0.]), 'vel_eci': array([0., 0., 0.]), 'pos_ecf': array([-2300594.61751943, -1446015.49579904,  5751256.83893886]), 'vel_ecf': array([0., 0., 0.]), 'lla': array([  1.1320031 ,  -2.58045185, 230.        ]), 'idx_sat_in_view': []}
2026-07-13 12:34:01,955 - main - INFO - {'constellation_id': 1, 'station_id': 2, 'station_name': 'Kiruna', 'rx_constellation': '1', 'elevation_mask': [0.08726646259971647], 'el_mask_max': [1.5707963267948966], 'pos_eci': array([0., 0., 0.]), 'vel_eci': array([0., 0., 0.]), 'pos_ecf': array([2251525.55737421,  862656.946727  , 5885472.13579194]), 'vel_ecf': array([0., 0., 0.]), 'lla': array([1.18432807e+00, 3.65890824e-01, 4.02000000e+02]), 'idx_sat_in_view': []}
2026-07-13 12:34:02,028 - main - INFO - {'type': 'Grid', 'user_id': 2554, 'rx_constellation': '1', 'name': '', 'ltan': -1, 'sso_raan_ref': None, 'sso_raan_ref_mjd': 0.0, 'elevation_mask': [0.08726646259971647], 'el_mask_max': [1.5707963267948966], 'pos_eci': array([0., 0., 0.]), 'vel_eci': array([0., 0., 0.]), 'pos_ecf': array([-5.57747059e+05,  6.83043151e-11,  6.33240086e+06]), 'vel_ecf': array([0., 0., 0.]), 'norm_ecf': 0, 'lla': array([1.48352986, 3.14159265, 0.        ]), 'num_lat': 35, 'num_lon': 73, 'idx_sat_in_view': [], 'tle_file_name': '', 'kepler': <segments.KeplerSet object at 0x00000129DA382710>, 'UserName': 'Grid'}
2026-07-13 12:34:02,031 - main - INFO - HPOP configuration: {'integrator_min_step': 0.001, 'integrator_max_step': 300.0, 'integrator_position_tolerance': 1.0, 'mass': 1192.0, 'geopotential': True, 'geopotential_degree': 21, 'geopotential_order': 21, 'earth_pole_rotation': True, 'drag': True, 'drag_area': 5.0, 'drag_cd': 2.2, 'drag_model': 'NRLMSISE00', 'solar_radiation_pressure': True, 'srp_area': 12.0, 'srp_cr': 1.5, 'third_body_sun': True, 'third_body_moon': True, 'third_body_planets': False, 'solid_tides': True, 'ocean_tides': False, 'ocean_tides_degree': 4, 'ocean_tides_order': 4, 'relativity': False}
2026-07-13 12:34:02,031 - main - INFO - Loaded simulation, start MJD: 61072.0, stop MJD: 61076.0, size time steps in sec: 60.0
2026-07-13 12:34:02,031 - main - INFO - Loaded 2 number of Station to Spacecraft links
2026-07-13 12:34:02,033 - main - INFO - Loaded 2555 number of User to Spacecraft links
2026-07-13 12:34:02,033 - main - INFO - Loaded 1 number of Spacecraft to Spacecraft links
2026-07-13 12:34:04,087 - main - INFO - HPOP: Orekit JVM started and physical data loaded
2026-07-13 12:34:20,259 - main - INFO - HPOP: generated dense ephemerides for 1 satellite(s) from MJD 61072.0 to 61076.0
2026-07-13 12:34:20,361 - main - INFO - Power Analysis Initialized
2026-07-13 12:34:20,361 - main - INFO - Eclipse Duration Analysis Initialized
2026-07-13 12:34:20,362 - main - INFO - Data Storage Analysis Initialized
2026-07-13 12:34:20,362 - main - INFO - Data Analysis Initialized with 15.0min ground delay
2026-07-13 12:34:20,362 - main - INFO - Finished reading configuration file
2026-07-13 12:34:20,413 - main - INFO - Simulation time: 2026-02-01 00:00:00, time step: 0
2026-07-13 12:34:23,766 - main - INFO - Simulation time: 2026-02-01 01:40:00, time step: 100
2026-07-13 12:34:27,170 - main - INFO - Simulation time: 2026-02-01 03:20:00, time step: 200
2026-07-13 12:34:30,239 - main - INFO - Simulation time: 2026-02-01 05:00:00, time step: 300
2026-07-13 12:34:33,441 - main - INFO - Simulation time: 2026-02-01 06:40:00, time step: 400
2026-07-13 12:34:37,607 - main - INFO - Simulation time: 2026-02-01 08:20:00, time step: 500
2026-07-13 12:34:41,233 - main - INFO - Simulation time: 2026-02-01 10:00:00, time step: 600
2026-07-13 12:34:44,502 - main - INFO - Simulation time: 2026-02-01 11:40:00, time step: 700
2026-07-13 12:34:48,267 - main - INFO - Simulation time: 2026-02-01 13:20:00, time step: 800
2026-07-13 12:34:51,719 - main - INFO - Simulation time: 2026-02-01 15:00:00, time step: 900
2026-07-13 12:34:54,893 - main - INFO - Simulation time: 2026-02-01 16:40:00, time step: 1000
2026-07-13 12:34:59,061 - main - INFO - Simulation time: 2026-02-01 18:20:00, time step: 1100
2026-07-13 12:35:02,593 - main - INFO - Simulation time: 2026-02-01 20:00:00, time step: 1200
2026-07-13 12:35:06,312 - main - INFO - Simulation time: 2026-02-01 21:40:00, time step: 1300
2026-07-13 12:35:09,861 - main - INFO - Simulation time: 2026-02-01 23:20:00, time step: 1400
2026-07-13 12:35:13,641 - main - INFO - Simulation time: 2026-02-02 01:00:00, time step: 1500
2026-07-13 12:35:17,020 - main - INFO - Simulation time: 2026-02-02 02:40:00, time step: 1600
2026-07-13 12:35:20,829 - main - INFO - Simulation time: 2026-02-02 04:20:00, time step: 1700
2026-07-13 12:35:24,979 - main - INFO - Simulation time: 2026-02-02 06:00:00, time step: 1800
2026-07-13 12:35:28,997 - main - INFO - Simulation time: 2026-02-02 07:40:00, time step: 1900
2026-07-13 12:35:32,277 - main - INFO - Simulation time: 2026-02-02 09:20:00, time step: 2000
2026-07-13 12:35:35,629 - main - INFO - Simulation time: 2026-02-02 11:00:00, time step: 2100
2026-07-13 12:35:39,168 - main - INFO - Simulation time: 2026-02-02 12:40:00, time step: 2200
2026-07-13 12:35:42,889 - main - INFO - Simulation time: 2026-02-02 14:20:00, time step: 2300
2026-07-13 12:35:46,325 - main - INFO - Simulation time: 2026-02-02 16:00:00, time step: 2400
2026-07-13 12:35:49,631 - main - INFO - Simulation time: 2026-02-02 17:40:00, time step: 2500
2026-07-13 12:35:52,866 - main - INFO - Simulation time: 2026-02-02 19:20:00, time step: 2600
2026-07-13 12:35:56,104 - main - INFO - Simulation time: 2026-02-02 21:00:00, time step: 2700
2026-07-13 12:35:59,423 - main - INFO - Simulation time: 2026-02-02 22:40:00, time step: 2800
2026-07-13 12:36:02,689 - main - INFO - Simulation time: 2026-02-03 00:20:00, time step: 2900
2026-07-13 12:36:05,894 - main - INFO - Simulation time: 2026-02-03 02:00:00, time step: 3000
2026-07-13 12:36:09,240 - main - INFO - Simulation time: 2026-02-03 03:40:00, time step: 3100
2026-07-13 12:36:12,575 - main - INFO - Simulation time: 2026-02-03 05:20:00, time step: 3200
2026-07-13 12:36:15,889 - main - INFO - Simulation time: 2026-02-03 07:00:00, time step: 3300
2026-07-13 12:36:19,268 - main - INFO - Simulation time: 2026-02-03 08:40:00, time step: 3400
2026-07-13 12:36:22,506 - main - INFO - Simulation time: 2026-02-03 10:20:00, time step: 3500
2026-07-13 12:36:26,051 - main - INFO - Simulation time: 2026-02-03 12:00:00, time step: 3600
2026-07-13 12:36:29,509 - main - INFO - Simulation time: 2026-02-03 13:40:00, time step: 3700
2026-07-13 12:36:32,793 - main - INFO - Simulation time: 2026-02-03 15:20:00, time step: 3800
2026-07-13 12:36:36,065 - main - INFO - Simulation time: 2026-02-03 17:00:00, time step: 3900
2026-07-13 12:36:39,349 - main - INFO - Simulation time: 2026-02-03 18:40:00, time step: 4000
2026-07-13 12:36:43,656 - main - INFO - Simulation time: 2026-02-03 20:20:00, time step: 4100
2026-07-13 12:36:47,246 - main - INFO - Simulation time: 2026-02-03 22:00:00, time step: 4200
2026-07-13 12:36:50,616 - main - INFO - Simulation time: 2026-02-03 23:40:00, time step: 4300
2026-07-13 12:36:54,241 - main - INFO - Simulation time: 2026-02-04 01:20:00, time step: 4400
2026-07-13 12:36:57,404 - main - INFO - Simulation time: 2026-02-04 03:00:00, time step: 4500
2026-07-13 12:37:00,615 - main - INFO - Simulation time: 2026-02-04 04:40:00, time step: 4600
2026-07-13 12:37:04,201 - main - INFO - Simulation time: 2026-02-04 06:20:00, time step: 4700
2026-07-13 12:37:08,535 - main - INFO - Simulation time: 2026-02-04 08:00:00, time step: 4800
2026-07-13 12:37:12,420 - main - INFO - Simulation time: 2026-02-04 09:40:00, time step: 4900
2026-07-13 12:37:16,253 - main - INFO - Simulation time: 2026-02-04 11:20:00, time step: 5000
2026-07-13 12:37:19,963 - main - INFO - Simulation time: 2026-02-04 13:00:00, time step: 5100
2026-07-13 12:37:23,224 - main - INFO - Simulation time: 2026-02-04 14:40:00, time step: 5200
2026-07-13 12:37:26,356 - main - INFO - Simulation time: 2026-02-04 16:20:00, time step: 5300
2026-07-13 12:37:30,386 - main - INFO - Simulation time: 2026-02-04 18:00:00, time step: 5400
2026-07-13 12:37:34,936 - main - INFO - Simulation time: 2026-02-04 19:40:00, time step: 5500
2026-07-13 12:37:38,554 - main - INFO - Simulation time: 2026-02-04 21:20:00, time step: 5600
2026-07-13 12:37:42,625 - main - INFO - Simulation time: 2026-02-04 23:00:00, time step: 5700
2026-07-13 12:37:44,600 - main - INFO - Plotting analysis cov_ground_track
2026-07-13 12:37:44,967 - main - INFO - Plotting analysis cov_satellite_contour
2026-07-13 12:37:45,199 - main - INFO - Plotting analysis cov_pass_time
2026-07-13 12:37:45,603 - main - INFO - Plotting analysis obs_swath_conical
2026-07-13 12:37:46,105 - main - INFO - Plotting analysis pow_battery_depth_discharge
2026-07-13 12:37:46,233 - main - INFO - Plotting analysis pow_eclipse_duration
2026-07-13 12:37:46,295 - main - INFO - Plotting analysis dat_storage
2026-07-13 12:37:46,420 - main - INFO - Plotting analysis dat_latency
2026-07-13 12:37:46,643 - main - INFO - Plotting analysis orb_deltav_element
2026-07-13 12:37:46,646 - main - INFO - orb_deltav_element: no TargetValue given, using the initial Altitude of the simulation
2026-07-13 12:37:46,648 - main - INFO - orb_deltav_element: Altitude kept within +/- 500.0 of 1.32913e+06 with 0 maneuver(s), total delta-v 0.000 m/s (0.0 m/s/year)
