2026-07-13 13:00:30,949 - main - INFO - {'constellation_id': 1, 'constellation_name': 'FORUM', 'num_sat': 1, 'num_planes': 1, 'rx_constellation': '1', 'elevation_mask': [], 'el_mask_max': [], 'uere_list': [], 'tle_file_name': None, 'obs_inci_angle_start': None, 'obs_inci_angle_stop': None, 'obs_swath_start': None, 'obs_swath_stop': 7500.0, 'frontal_area': None, 'mass': None}
2026-07-13 13:00:30,949 - main - INFO - {'constellation_id': 1, 'constellation_name': 'FORUM', 'sat_id': 1, 'plane': 1, 'name': '', 'rx_constellation': '1', 'ltan': 21.5, 'sso_raan_ref': None, 'sso_raan_ref_mjd': 0.0, 'elevation_mask': [], 'el_mask_max': [], 'uere_list': [], 'kepler': <segments.KeplerSet object at 0x000002153A1ECEC0>, 'tle_line1': '', 'tle_line2': '', 'frontal_area': None, 'mass': None, 'satrec': None, 'pos_eci': array([0., 0., 0.]), 'vel_eci': array([0., 0., 0.]), 'pos_ecf': array([0., 0., 0.]), 'vel_ecf': array([0., 0., 0.]), 'lla': array([0., 0., 0.]), 'idx_stat_in_view': [], 'idx_sat_in_view': [], 'obs_inci_angle_start': None, 'obs_inci_angle_stop': None, 'obs_swath_start': None, 'obs_swath_stop': None, 'p1': array([0., 0., 0.]), 'p2': array([0., 0., 0.]), 'p3': array([0., 0., 0.]), 'p4': array([0., 0., 0.])}
2026-07-13 13:00:31,166 - main - INFO - {'constellation_id': 1, 'station_id': 1, 'station_name': 'Svalbard', 'rx_constellation': '1', 'elevation_mask': [0.08726646259971647], 'el_mask_max': [1.5707963267948966], 'pos_eci': array([0., 0., 0.]), 'vel_eci': array([0., 0., 0.]), 'pos_ecf': array([1258510.20963674,  346840.52633098, 6222642.71559272]), 'vel_ecf': array([0., 0., 0.]), 'lla': array([1.36535362e+00, 2.68920331e-01, 4.50000000e+02]), 'idx_sat_in_view': []}
2026-07-13 13:00:31,167 - main - INFO - {'constellation_id': 1, 'station_id': 2, 'station_name': 'Kiruna', 'rx_constellation': '1', 'elevation_mask': [0.08726646259971647], 'el_mask_max': [1.5707963267948966], 'pos_eci': array([0., 0., 0.]), 'vel_eci': array([0., 0., 0.]), 'pos_ecf': array([2251525.55737421,  862656.946727  , 5885472.13579194]), 'vel_ecf': array([0., 0., 0.]), 'lla': array([1.18432807e+00, 3.65890824e-01, 4.02000000e+02]), 'idx_sat_in_view': []}
2026-07-13 13:00:31,226 - main - INFO - {'type': 'Grid', 'user_id': 2554, 'rx_constellation': '1', 'name': '', 'ltan': -1, 'sso_raan_ref': None, 'sso_raan_ref_mjd': 0.0, 'elevation_mask': [0.08726646259971647], 'el_mask_max': [1.5707963267948966], 'pos_eci': array([0., 0., 0.]), 'vel_eci': array([0., 0., 0.]), 'pos_ecf': array([-5.57747059e+05,  6.83043151e-11,  6.33240086e+06]), 'vel_ecf': array([0., 0., 0.]), 'norm_ecf': 0, 'lla': array([1.48352986, 3.14159265, 0.        ]), 'num_lat': 35, 'num_lon': 73, 'idx_sat_in_view': [], 'tle_file_name': '', 'kepler': <segments.KeplerSet object at 0x000002153B9F2710>, 'UserName': 'Grid'}
2026-07-13 13:00:31,229 - main - INFO - HPOP configuration: {'integrator_min_step': 0.001, 'integrator_max_step': 300.0, 'integrator_position_tolerance': 1.0, 'mass': 850.0, 'geopotential': True, 'geopotential_degree': 21, 'geopotential_order': 21, 'earth_pole_rotation': True, 'drag': True, 'drag_area': 4.0, 'drag_cd': 2.2, 'drag_model': 'NRLMSISE00', 'solar_radiation_pressure': True, 'srp_area': 10.0, 'srp_cr': 1.5, 'third_body_sun': True, 'third_body_moon': True, 'third_body_planets': False, 'solid_tides': True, 'ocean_tides': False, 'ocean_tides_degree': 4, 'ocean_tides_order': 4, 'relativity': False}
2026-07-13 13:00:31,229 - main - INFO - Loaded simulation, start MJD: 61072.0, stop MJD: 61076.0, size time steps in sec: 60.0
2026-07-13 13:00:31,229 - main - INFO - Loaded 2 number of Station to Spacecraft links
2026-07-13 13:00:31,231 - main - INFO - Loaded 2555 number of User to Spacecraft links
2026-07-13 13:00:31,231 - main - INFO - Loaded 1 number of Spacecraft to Spacecraft links
2026-07-13 13:00:32,014 - main - INFO - HPOP: Orekit JVM started and physical data loaded
2026-07-13 13:00:47,142 - main - INFO - HPOP: generated dense ephemerides for 1 satellite(s) from MJD 61072.0 to 61076.0
2026-07-13 13:00:47,162 - main - INFO - Power Analysis Initialized
2026-07-13 13:00:47,162 - main - INFO - Eclipse Duration Analysis Initialized
2026-07-13 13:00:47,162 - main - INFO - Data Storage Analysis Initialized
2026-07-13 13:00:47,162 - main - INFO - Data Analysis Initialized with 15.0min ground delay
2026-07-13 13:00:47,162 - main - INFO - Finished reading configuration file
2026-07-13 13:00:47,217 - main - INFO - Simulation time: 2026-02-01 00:00:00, time step: 0
2026-07-13 13:00:50,132 - main - INFO - Simulation time: 2026-02-01 01:40:00, time step: 100
2026-07-13 13:00:52,877 - main - INFO - Simulation time: 2026-02-01 03:20:00, time step: 200
2026-07-13 13:00:55,823 - main - INFO - Simulation time: 2026-02-01 05:00:00, time step: 300
2026-07-13 13:00:58,783 - main - INFO - Simulation time: 2026-02-01 06:40:00, time step: 400
2026-07-13 13:01:02,187 - main - INFO - Simulation time: 2026-02-01 08:20:00, time step: 500
2026-07-13 13:01:06,283 - main - INFO - Simulation time: 2026-02-01 10:00:00, time step: 600
2026-07-13 13:01:09,874 - main - INFO - Simulation time: 2026-02-01 11:40:00, time step: 700
2026-07-13 13:01:13,437 - main - INFO - Simulation time: 2026-02-01 13:20:00, time step: 800
2026-07-13 13:01:17,161 - main - INFO - Simulation time: 2026-02-01 15:00:00, time step: 900
2026-07-13 13:01:21,640 - main - INFO - Simulation time: 2026-02-01 16:40:00, time step: 1000
2026-07-13 13:01:25,668 - main - INFO - Simulation time: 2026-02-01 18:20:00, time step: 1100
2026-07-13 13:01:28,915 - main - INFO - Simulation time: 2026-02-01 20:00:00, time step: 1200
2026-07-13 13:01:32,110 - main - INFO - Simulation time: 2026-02-01 21:40:00, time step: 1300
2026-07-13 13:01:35,703 - main - INFO - Simulation time: 2026-02-01 23:20:00, time step: 1400
2026-07-13 13:01:39,355 - main - INFO - Simulation time: 2026-02-02 01:00:00, time step: 1500
2026-07-13 13:01:43,072 - main - INFO - Simulation time: 2026-02-02 02:40:00, time step: 1600
2026-07-13 13:01:46,102 - main - INFO - Simulation time: 2026-02-02 04:20:00, time step: 1700
2026-07-13 13:01:50,059 - main - INFO - Simulation time: 2026-02-02 06:00:00, time step: 1800
2026-07-13 13:01:54,062 - main - INFO - Simulation time: 2026-02-02 07:40:00, time step: 1900
2026-07-13 13:01:58,404 - main - INFO - Simulation time: 2026-02-02 09:20:00, time step: 2000
2026-07-13 13:02:01,567 - main - INFO - Simulation time: 2026-02-02 11:00:00, time step: 2100
2026-07-13 13:02:05,416 - main - INFO - Simulation time: 2026-02-02 12:40:00, time step: 2200
2026-07-13 13:02:08,741 - main - INFO - Simulation time: 2026-02-02 14:20:00, time step: 2300
2026-07-13 13:02:11,968 - main - INFO - Simulation time: 2026-02-02 16:00:00, time step: 2400
2026-07-13 13:02:15,208 - main - INFO - Simulation time: 2026-02-02 17:40:00, time step: 2500
2026-07-13 13:02:18,753 - main - INFO - Simulation time: 2026-02-02 19:20:00, time step: 2600
2026-07-13 13:02:21,986 - main - INFO - Simulation time: 2026-02-02 21:00:00, time step: 2700
2026-07-13 13:02:25,209 - main - INFO - Simulation time: 2026-02-02 22:40:00, time step: 2800
2026-07-13 13:02:28,716 - main - INFO - Simulation time: 2026-02-03 00:20:00, time step: 2900
2026-07-13 13:02:32,093 - main - INFO - Simulation time: 2026-02-03 02:00:00, time step: 3000
2026-07-13 13:02:35,283 - main - INFO - Simulation time: 2026-02-03 03:40:00, time step: 3100
2026-07-13 13:02:38,606 - main - INFO - Simulation time: 2026-02-03 05:20:00, time step: 3200
2026-07-13 13:02:41,802 - main - INFO - Simulation time: 2026-02-03 07:00:00, time step: 3300
2026-07-13 13:02:45,017 - main - INFO - Simulation time: 2026-02-03 08:40:00, time step: 3400
2026-07-13 13:02:49,234 - main - INFO - Simulation time: 2026-02-03 10:20:00, time step: 3500
2026-07-13 13:02:53,739 - main - INFO - Simulation time: 2026-02-03 12:00:00, time step: 3600
2026-07-13 13:02:57,610 - main - INFO - Simulation time: 2026-02-03 13:40:00, time step: 3700
2026-07-13 13:03:00,858 - main - INFO - Simulation time: 2026-02-03 15:20:00, time step: 3800
2026-07-13 13:03:04,130 - main - INFO - Simulation time: 2026-02-03 17:00:00, time step: 3900
2026-07-13 13:03:08,083 - main - INFO - Simulation time: 2026-02-03 18:40:00, time step: 4000
2026-07-13 13:03:12,412 - main - INFO - Simulation time: 2026-02-03 20:20:00, time step: 4100
2026-07-13 13:03:15,938 - main - INFO - Simulation time: 2026-02-03 22:00:00, time step: 4200
2026-07-13 13:03:19,187 - main - INFO - Simulation time: 2026-02-03 23:40:00, time step: 4300
2026-07-13 13:03:22,334 - main - INFO - Simulation time: 2026-02-04 01:20:00, time step: 4400
2026-07-13 13:03:26,193 - main - INFO - Simulation time: 2026-02-04 03:00:00, time step: 4500
2026-07-13 13:03:30,320 - main - INFO - Simulation time: 2026-02-04 04:40:00, time step: 4600
2026-07-13 13:03:33,525 - main - INFO - Simulation time: 2026-02-04 06:20:00, time step: 4700
2026-07-13 13:03:36,583 - main - INFO - Simulation time: 2026-02-04 08:00:00, time step: 4800
2026-07-13 13:03:40,123 - main - INFO - Simulation time: 2026-02-04 09:40:00, time step: 4900
2026-07-13 13:03:43,332 - main - INFO - Simulation time: 2026-02-04 11:20:00, time step: 5000
2026-07-13 13:03:47,237 - main - INFO - Simulation time: 2026-02-04 13:00:00, time step: 5100
2026-07-13 13:03:50,550 - main - INFO - Simulation time: 2026-02-04 14:40:00, time step: 5200
2026-07-13 13:03:53,790 - main - INFO - Simulation time: 2026-02-04 16:20:00, time step: 5300
2026-07-13 13:03:57,058 - main - INFO - Simulation time: 2026-02-04 18:00:00, time step: 5400
2026-07-13 13:04:00,227 - main - INFO - Simulation time: 2026-02-04 19:40:00, time step: 5500
2026-07-13 13:04:04,271 - main - INFO - Simulation time: 2026-02-04 21:20:00, time step: 5600
2026-07-13 13:04:08,091 - main - INFO - Simulation time: 2026-02-04 23:00:00, time step: 5700
2026-07-13 13:04:10,039 - main - INFO - Plotting analysis cov_ground_track
2026-07-13 13:04:10,610 - main - INFO - Plotting analysis cov_satellite_contour
2026-07-13 13:04:10,817 - main - INFO - Plotting analysis cov_pass_time
2026-07-13 13:04:11,227 - main - INFO - Plotting analysis obs_swath_conical
2026-07-13 13:04:11,780 - main - INFO - Plotting analysis pow_battery_depth_discharge
2026-07-13 13:04:11,936 - main - INFO - Plotting analysis pow_eclipse_duration
2026-07-13 13:04:11,999 - main - INFO - Plotting analysis dat_storage
2026-07-13 13:04:12,144 - main - INFO - Plotting analysis dat_latency
2026-07-13 13:04:12,384 - main - INFO - Plotting analysis orb_deltav_element
2026-07-13 13:04:12,390 - main - INFO - orb_deltav_element: no TargetValue given, using the initial Altitude of the simulation
2026-07-13 13:04:12,392 - main - INFO - orb_deltav_element: Altitude kept within +/- 500.0 of 808000 with 0 maneuver(s), total delta-v 0.000 m/s (0.0 m/s/year)
