2026-07-13 12:54:32,593 - main - INFO - {'constellation_id': 1, 'constellation_name': 'ROSE-L', 'num_sat': 1, 'num_planes': 1, 'rx_constellation': '1', 'elevation_mask': [], 'el_mask_max': [], 'uere_list': [], 'tle_file_name': None, 'obs_inci_angle_start': 0.4886921905584123, 'obs_inci_angle_stop': 0.6981317007977318, 'obs_swath_start': None, 'obs_swath_stop': None, 'frontal_area': None, 'mass': None}
2026-07-13 12:54:32,593 - main - INFO - {'constellation_id': 1, 'constellation_name': 'ROSE-L', 'sat_id': 1, 'plane': 1, 'name': '', 'rx_constellation': '1', 'ltan': 18.0, 'sso_raan_ref': None, 'sso_raan_ref_mjd': 0.0, 'elevation_mask': [], 'el_mask_max': [], 'uere_list': [], 'kepler': <segments.KeplerSet object at 0x0000018BCFD75010>, 'tle_line1': '', 'tle_line2': '', 'frontal_area': None, 'mass': None, 'satrec': None, 'pos_eci': array([0., 0., 0.]), 'vel_eci': array([0., 0., 0.]), 'pos_ecf': array([0., 0., 0.]), 'vel_ecf': array([0., 0., 0.]), 'lla': array([0., 0., 0.]), 'idx_stat_in_view': [], 'idx_sat_in_view': [], 'obs_inci_angle_start': None, 'obs_inci_angle_stop': None, 'obs_swath_start': None, 'obs_swath_stop': None, 'p1': array([0., 0., 0.]), 'p2': array([0., 0., 0.]), 'p3': array([0., 0., 0.]), 'p4': array([0., 0., 0.])}
2026-07-13 12:54:32,788 - main - INFO - {'constellation_id': 1, 'station_id': 1, 'station_name': 'Svalbard', 'rx_constellation': '1', 'elevation_mask': [0.08726646259971647], 'el_mask_max': [1.5707963267948966], 'pos_eci': array([0., 0., 0.]), 'vel_eci': array([0., 0., 0.]), 'pos_ecf': array([1258510.20963674,  346840.52633098, 6222642.71559272]), 'vel_ecf': array([0., 0., 0.]), 'lla': array([1.36535362e+00, 2.68920331e-01, 4.50000000e+02]), 'idx_sat_in_view': []}
2026-07-13 12:54:32,789 - main - INFO - {'constellation_id': 1, 'station_id': 2, 'station_name': 'Inuvik', 'rx_constellation': '1', 'elevation_mask': [0.08726646259971647], 'el_mask_max': [1.5707963267948966], 'pos_eci': array([0., 0., 0.]), 'vel_eci': array([0., 0., 0.]), 'pos_ecf': array([-1628187.49450202, -1712815.57936226,  5904413.45706325]), 'vel_ecf': array([0., 0., 0.]), 'lla': array([ 1.19239149, -2.33086976, 90.        ]), 'idx_sat_in_view': []}
2026-07-13 12:54:32,790 - main - INFO - {'constellation_id': 1, 'station_id': 3, 'station_name': 'Matera', 'rx_constellation': '1', 'elevation_mask': [0.08726646259971647], 'el_mask_max': [1.5707963267948966], 'pos_eci': array([0., 0., 0.]), 'vel_eci': array([0., 0., 0.]), 'pos_ecf': array([4641945.79097722, 1393092.03734022, 4133276.5968843 ]), 'vel_ecf': array([0., 0., 0.]), 'lla': array([7.09458888e-01, 2.91557252e-01, 5.36000000e+02]), 'idx_sat_in_view': []}
2026-07-13 12:54:32,846 - main - INFO - {'type': 'Grid', 'user_id': 2554, 'rx_constellation': '1', 'name': '', 'ltan': -1, 'sso_raan_ref': None, 'sso_raan_ref_mjd': 0.0, 'elevation_mask': [0.08726646259971647], 'el_mask_max': [1.5707963267948966], 'pos_eci': array([0., 0., 0.]), 'vel_eci': array([0., 0., 0.]), 'pos_ecf': array([-5.57747059e+05,  6.83043151e-11,  6.33240086e+06]), 'vel_ecf': array([0., 0., 0.]), 'norm_ecf': 0, 'lla': array([1.48352986, 3.14159265, 0.        ]), 'num_lat': 35, 'num_lon': 73, 'idx_sat_in_view': [], 'tle_file_name': '', 'kepler': <segments.KeplerSet object at 0x0000018BD1586850>, 'UserName': 'Grid'}
2026-07-13 12:54:32,849 - main - INFO - HPOP configuration: {'integrator_min_step': 0.001, 'integrator_max_step': 300.0, 'integrator_position_tolerance': 1.0, 'mass': 2600.0, 'geopotential': True, 'geopotential_degree': 21, 'geopotential_order': 21, 'earth_pole_rotation': True, 'drag': True, 'drag_area': 12.0, 'drag_cd': 2.2, 'drag_model': 'NRLMSISE00', 'solar_radiation_pressure': True, 'srp_area': 45.0, 'srp_cr': 1.5, 'third_body_sun': True, 'third_body_moon': True, 'third_body_planets': False, 'solid_tides': True, 'ocean_tides': False, 'ocean_tides_degree': 4, 'ocean_tides_order': 4, 'relativity': False}
2026-07-13 12:54:32,849 - main - INFO - Loaded simulation, start MJD: 61072.0, stop MJD: 61078.0, size time steps in sec: 120.0
2026-07-13 12:54:32,849 - main - INFO - Loaded 3 number of Station to Spacecraft links
2026-07-13 12:54:32,851 - main - INFO - Loaded 2555 number of User to Spacecraft links
2026-07-13 12:54:32,851 - main - INFO - Loaded 1 number of Spacecraft to Spacecraft links
2026-07-13 12:54:33,684 - main - INFO - HPOP: Orekit JVM started and physical data loaded
2026-07-13 12:54:50,692 - main - INFO - HPOP: generated dense ephemerides for 1 satellite(s) from MJD 61072.0 to 61078.0
2026-07-13 12:54:50,695 - main - INFO - Power Analysis Initialized
2026-07-13 12:54:50,695 - main - INFO - Eclipse Duration Analysis Initialized
2026-07-13 12:54:50,695 - main - INFO - Data Storage Analysis Initialized
2026-07-13 12:54:50,695 - main - INFO - Data Analysis Initialized with 15.0min ground delay
2026-07-13 12:54:50,695 - main - INFO - Finished reading configuration file
2026-07-13 12:54:50,735 - main - INFO - Simulation time: 2026-02-01 00:00:00, time step: 0
2026-07-13 12:54:53,459 - main - INFO - Simulation time: 2026-02-01 03:20:00, time step: 100
2026-07-13 12:54:57,058 - main - INFO - Simulation time: 2026-02-01 06:40:00, time step: 200
2026-07-13 12:55:00,089 - main - INFO - Simulation time: 2026-02-01 10:00:00, time step: 300
2026-07-13 12:55:04,056 - main - INFO - Simulation time: 2026-02-01 13:20:00, time step: 400
2026-07-13 12:55:07,617 - main - INFO - Simulation time: 2026-02-01 16:40:00, time step: 500
2026-07-13 12:55:11,723 - main - INFO - Simulation time: 2026-02-01 20:00:00, time step: 600
2026-07-13 12:55:14,678 - main - INFO - Simulation time: 2026-02-01 23:20:00, time step: 700
2026-07-13 12:55:17,651 - main - INFO - Simulation time: 2026-02-02 02:40:00, time step: 800
2026-07-13 12:55:20,679 - main - INFO - Simulation time: 2026-02-02 06:00:00, time step: 900
2026-07-13 12:55:23,701 - main - INFO - Simulation time: 2026-02-02 09:20:00, time step: 1000
2026-07-13 12:55:26,960 - main - INFO - Simulation time: 2026-02-02 12:40:00, time step: 1100
2026-07-13 12:55:30,207 - main - INFO - Simulation time: 2026-02-02 16:00:00, time step: 1200
2026-07-13 12:55:33,345 - main - INFO - Simulation time: 2026-02-02 19:20:00, time step: 1300
2026-07-13 12:55:37,030 - main - INFO - Simulation time: 2026-02-02 22:40:00, time step: 1400
2026-07-13 12:55:40,701 - main - INFO - Simulation time: 2026-02-03 02:00:00, time step: 1500
2026-07-13 12:55:43,896 - main - INFO - Simulation time: 2026-02-03 05:20:00, time step: 1600
2026-07-13 12:55:48,026 - main - INFO - Simulation time: 2026-02-03 08:40:00, time step: 1700
2026-07-13 12:55:51,248 - main - INFO - Simulation time: 2026-02-03 12:00:00, time step: 1800
2026-07-13 12:55:54,494 - main - INFO - Simulation time: 2026-02-03 15:20:00, time step: 1900
2026-07-13 12:55:59,019 - main - INFO - Simulation time: 2026-02-03 18:40:00, time step: 2000
2026-07-13 12:56:03,259 - main - INFO - Simulation time: 2026-02-03 22:00:00, time step: 2100
2026-07-13 12:56:06,303 - main - INFO - Simulation time: 2026-02-04 01:20:00, time step: 2200
2026-07-13 12:56:09,834 - main - INFO - Simulation time: 2026-02-04 04:40:00, time step: 2300
2026-07-13 12:56:13,807 - main - INFO - Simulation time: 2026-02-04 08:00:00, time step: 2400
2026-07-13 12:56:17,067 - main - INFO - Simulation time: 2026-02-04 11:20:00, time step: 2500
2026-07-13 12:56:20,324 - main - INFO - Simulation time: 2026-02-04 14:40:00, time step: 2600
2026-07-13 12:56:23,655 - main - INFO - Simulation time: 2026-02-04 18:00:00, time step: 2700
2026-07-13 12:56:27,722 - main - INFO - Simulation time: 2026-02-04 21:20:00, time step: 2800
2026-07-13 12:56:31,525 - main - INFO - Simulation time: 2026-02-05 00:40:00, time step: 2900
2026-07-13 12:56:34,754 - main - INFO - Simulation time: 2026-02-05 04:00:00, time step: 3000
2026-07-13 12:56:38,017 - main - INFO - Simulation time: 2026-02-05 07:20:00, time step: 3100
2026-07-13 12:56:41,296 - main - INFO - Simulation time: 2026-02-05 10:40:00, time step: 3200
2026-07-13 12:56:45,637 - main - INFO - Simulation time: 2026-02-05 14:00:00, time step: 3300
2026-07-13 12:56:48,850 - main - INFO - Simulation time: 2026-02-05 17:20:00, time step: 3400
2026-07-13 12:56:52,935 - main - INFO - Simulation time: 2026-02-05 20:40:00, time step: 3500
2026-07-13 12:56:57,080 - main - INFO - Simulation time: 2026-02-06 00:00:00, time step: 3600
2026-07-13 12:57:00,355 - main - INFO - Simulation time: 2026-02-06 03:20:00, time step: 3700
2026-07-13 12:57:03,564 - main - INFO - Simulation time: 2026-02-06 06:40:00, time step: 3800
2026-07-13 12:57:06,745 - main - INFO - Simulation time: 2026-02-06 10:00:00, time step: 3900
2026-07-13 12:57:09,989 - main - INFO - Simulation time: 2026-02-06 13:20:00, time step: 4000
2026-07-13 12:57:13,559 - main - INFO - Simulation time: 2026-02-06 16:40:00, time step: 4100
2026-07-13 12:57:17,983 - main - INFO - Simulation time: 2026-02-06 20:00:00, time step: 4200
2026-07-13 12:57:22,120 - main - INFO - Simulation time: 2026-02-06 23:20:00, time step: 4300
2026-07-13 12:57:22,789 - main - INFO - Plotting analysis cov_ground_track
2026-07-13 12:57:23,156 - main - INFO - Plotting analysis cov_satellite_contour
2026-07-13 12:57:23,380 - main - INFO - Plotting analysis cov_pass_time
2026-07-13 12:57:23,785 - main - INFO - Plotting analysis obs_swath_push_broom
2026-07-13 12:57:24,447 - main - INFO - User revisit 0 of 2555
2026-07-13 12:57:24,453 - main - INFO - User revisit 1000 of 2555
2026-07-13 12:57:24,457 - main - INFO - User revisit 2000 of 2555
2026-07-13 12:57:24,891 - main - INFO - Plotting analysis pow_battery_depth_discharge
2026-07-13 12:57:25,023 - main - INFO - Plotting analysis pow_eclipse_duration
2026-07-13 12:57:25,083 - main - INFO - Plotting analysis dat_storage
2026-07-13 12:57:25,222 - main - INFO - Plotting analysis dat_latency
2026-07-13 12:57:25,446 - main - INFO - Plotting analysis orb_deltav_element
2026-07-13 12:57:25,448 - main - INFO - orb_deltav_element: no TargetValue given, using the initial Altitude of the simulation
2026-07-13 12:57:25,450 - main - INFO - orb_deltav_element: Altitude kept within +/- 500.0 of 683780 with 0 maneuver(s), total delta-v 0.000 m/s (0.0 m/s/year)
