2026-07-13 12:57:30,743 - main - INFO - {'constellation_id': 1, 'constellation_name': 'FLEX', 'num_sat': 1, 'num_planes': 1, 'rx_constellation': '1', 'elevation_mask': [], 'el_mask_max': [], 'uere_list': [], 'tle_file_name': None, 'obs_inci_angle_start': None, 'obs_inci_angle_stop': None, 'obs_swath_start': -75000.0, 'obs_swath_stop': 75000.0, 'frontal_area': None, 'mass': None}
2026-07-13 12:57:30,743 - main - INFO - {'constellation_id': 1, 'constellation_name': 'FLEX', 'sat_id': 1, 'plane': 1, 'name': '', 'rx_constellation': '1', 'ltan': 22.0, 'sso_raan_ref': None, 'sso_raan_ref_mjd': 0.0, 'elevation_mask': [], 'el_mask_max': [], 'uere_list': [], 'kepler': <segments.KeplerSet object at 0x0000025FF234CEC0>, 'tle_line1': '', 'tle_line2': '', 'frontal_area': None, 'mass': None, 'satrec': None, 'pos_eci': array([0., 0., 0.]), 'vel_eci': array([0., 0., 0.]), 'pos_ecf': array([0., 0., 0.]), 'vel_ecf': array([0., 0., 0.]), 'lla': array([0., 0., 0.]), 'idx_stat_in_view': [], 'idx_sat_in_view': [], 'obs_inci_angle_start': None, 'obs_inci_angle_stop': None, 'obs_swath_start': None, 'obs_swath_stop': None, 'p1': array([0., 0., 0.]), 'p2': array([0., 0., 0.]), 'p3': array([0., 0., 0.]), 'p4': array([0., 0., 0.])}
2026-07-13 12:57:30,927 - main - INFO - {'constellation_id': 1, 'station_id': 1, 'station_name': 'Svalbard', 'rx_constellation': '1', 'elevation_mask': [0.08726646259971647], 'el_mask_max': [1.5707963267948966], 'pos_eci': array([0., 0., 0.]), 'vel_eci': array([0., 0., 0.]), 'pos_ecf': array([1258510.20963674,  346840.52633098, 6222642.71559272]), 'vel_ecf': array([0., 0., 0.]), 'lla': array([1.36535362e+00, 2.68920331e-01, 4.50000000e+02]), 'idx_sat_in_view': []}
2026-07-13 12:57:30,928 - main - INFO - {'constellation_id': 1, 'station_id': 2, 'station_name': 'Kiruna', 'rx_constellation': '1', 'elevation_mask': [0.08726646259971647], 'el_mask_max': [1.5707963267948966], 'pos_eci': array([0., 0., 0.]), 'vel_eci': array([0., 0., 0.]), 'pos_ecf': array([2251525.55737421,  862656.946727  , 5885472.13579194]), 'vel_ecf': array([0., 0., 0.]), 'lla': array([1.18432807e+00, 3.65890824e-01, 4.02000000e+02]), 'idx_sat_in_view': []}
2026-07-13 12:57:30,984 - main - INFO - {'type': 'Grid', 'user_id': 2554, 'rx_constellation': '1', 'name': '', 'ltan': -1, 'sso_raan_ref': None, 'sso_raan_ref_mjd': 0.0, 'elevation_mask': [0.08726646259971647], 'el_mask_max': [1.5707963267948966], 'pos_eci': array([0., 0., 0.]), 'vel_eci': array([0., 0., 0.]), 'pos_ecf': array([-5.57747059e+05,  6.83043151e-11,  6.33240086e+06]), 'vel_ecf': array([0., 0., 0.]), 'norm_ecf': 0, 'lla': array([1.48352986, 3.14159265, 0.        ]), 'num_lat': 35, 'num_lon': 73, 'idx_sat_in_view': [], 'tle_file_name': '', 'kepler': <segments.KeplerSet object at 0x0000025FF3B52710>, 'UserName': 'Grid'}
2026-07-13 12:57:30,986 - main - INFO - HPOP configuration: {'integrator_min_step': 0.001, 'integrator_max_step': 300.0, 'integrator_position_tolerance': 1.0, 'mass': 500.0, 'geopotential': True, 'geopotential_degree': 21, 'geopotential_order': 21, 'earth_pole_rotation': True, 'drag': True, 'drag_area': 3.0, 'drag_cd': 2.2, 'drag_model': 'NRLMSISE00', 'solar_radiation_pressure': True, 'srp_area': 8.0, 'srp_cr': 1.5, 'third_body_sun': True, 'third_body_moon': True, 'third_body_planets': False, 'solid_tides': True, 'ocean_tides': False, 'ocean_tides_degree': 4, 'ocean_tides_order': 4, 'relativity': False}
2026-07-13 12:57:30,986 - main - INFO - Loaded simulation, start MJD: 61072.0, stop MJD: 61078.0, size time steps in sec: 120.0
2026-07-13 12:57:30,986 - main - INFO - Loaded 2 number of Station to Spacecraft links
2026-07-13 12:57:30,989 - main - INFO - Loaded 2555 number of User to Spacecraft links
2026-07-13 12:57:30,989 - main - INFO - Loaded 1 number of Spacecraft to Spacecraft links
2026-07-13 12:57:31,729 - main - INFO - HPOP: Orekit JVM started and physical data loaded
2026-07-13 12:57:48,336 - main - INFO - HPOP: generated dense ephemerides for 1 satellite(s) from MJD 61072.0 to 61078.0
2026-07-13 12:57:48,350 - main - INFO - Power Analysis Initialized
2026-07-13 12:57:48,350 - main - INFO - Eclipse Duration Analysis Initialized
2026-07-13 12:57:48,350 - main - INFO - Data Storage Analysis Initialized
2026-07-13 12:57:48,350 - main - INFO - Data Analysis Initialized with 15.0min ground delay
2026-07-13 12:57:48,350 - main - INFO - Finished reading configuration file
2026-07-13 12:57:48,389 - main - INFO - Simulation time: 2026-02-01 00:00:00, time step: 0
2026-07-13 12:57:51,169 - main - INFO - Simulation time: 2026-02-01 03:20:00, time step: 100
2026-07-13 12:57:54,239 - main - INFO - Simulation time: 2026-02-01 06:40:00, time step: 200
2026-07-13 12:57:57,562 - main - INFO - Simulation time: 2026-02-01 10:00:00, time step: 300
2026-07-13 12:58:01,519 - main - INFO - Simulation time: 2026-02-01 13:20:00, time step: 400
2026-07-13 12:58:04,818 - main - INFO - Simulation time: 2026-02-01 16:40:00, time step: 500
2026-07-13 12:58:08,140 - main - INFO - Simulation time: 2026-02-01 20:00:00, time step: 600
2026-07-13 12:58:11,750 - main - INFO - Simulation time: 2026-02-01 23:20:00, time step: 700
2026-07-13 12:58:14,932 - main - INFO - Simulation time: 2026-02-02 02:40:00, time step: 800
2026-07-13 12:58:17,917 - main - INFO - Simulation time: 2026-02-02 06:00:00, time step: 900
2026-07-13 12:58:20,999 - main - INFO - Simulation time: 2026-02-02 09:20:00, time step: 1000
2026-07-13 12:58:24,283 - main - INFO - Simulation time: 2026-02-02 12:40:00, time step: 1100
2026-07-13 12:58:27,486 - main - INFO - Simulation time: 2026-02-02 16:00:00, time step: 1200
2026-07-13 12:58:30,926 - main - INFO - Simulation time: 2026-02-02 19:20:00, time step: 1300
2026-07-13 12:58:34,708 - main - INFO - Simulation time: 2026-02-02 22:40:00, time step: 1400
2026-07-13 12:58:37,921 - main - INFO - Simulation time: 2026-02-03 02:00:00, time step: 1500
2026-07-13 12:58:42,381 - main - INFO - Simulation time: 2026-02-03 05:20:00, time step: 1600
2026-07-13 12:58:45,665 - main - INFO - Simulation time: 2026-02-03 08:40:00, time step: 1700
2026-07-13 12:58:48,933 - main - INFO - Simulation time: 2026-02-03 12:00:00, time step: 1800
2026-07-13 12:58:52,317 - main - INFO - Simulation time: 2026-02-03 15:20:00, time step: 1900
2026-07-13 12:58:57,018 - main - INFO - Simulation time: 2026-02-03 18:40:00, time step: 2000
2026-07-13 12:59:01,181 - main - INFO - Simulation time: 2026-02-03 22:00:00, time step: 2100
2026-07-13 12:59:04,701 - main - INFO - Simulation time: 2026-02-04 01:20:00, time step: 2200
2026-07-13 12:59:08,040 - main - INFO - Simulation time: 2026-02-04 04:40:00, time step: 2300
2026-07-13 12:59:11,639 - main - INFO - Simulation time: 2026-02-04 08:00:00, time step: 2400
2026-07-13 12:59:15,002 - main - INFO - Simulation time: 2026-02-04 11:20:00, time step: 2500
2026-07-13 12:59:18,247 - main - INFO - Simulation time: 2026-02-04 14:40:00, time step: 2600
2026-07-13 12:59:21,806 - main - INFO - Simulation time: 2026-02-04 18:00:00, time step: 2700
2026-07-13 12:59:26,373 - main - INFO - Simulation time: 2026-02-04 21:20:00, time step: 2800
2026-07-13 12:59:30,937 - main - INFO - Simulation time: 2026-02-05 00:40:00, time step: 2900
2026-07-13 12:59:35,494 - main - INFO - Simulation time: 2026-02-05 04:00:00, time step: 3000
2026-07-13 12:59:39,082 - main - INFO - Simulation time: 2026-02-05 07:20:00, time step: 3100
2026-07-13 12:59:42,660 - main - INFO - Simulation time: 2026-02-05 10:40:00, time step: 3200
2026-07-13 12:59:46,167 - main - INFO - Simulation time: 2026-02-05 14:00:00, time step: 3300
2026-07-13 12:59:49,876 - main - INFO - Simulation time: 2026-02-05 17:20:00, time step: 3400
2026-07-13 12:59:53,590 - main - INFO - Simulation time: 2026-02-05 20:40:00, time step: 3500
2026-07-13 12:59:56,902 - main - INFO - Simulation time: 2026-02-06 00:00:00, time step: 3600
2026-07-13 13:00:00,077 - main - INFO - Simulation time: 2026-02-06 03:20:00, time step: 3700
2026-07-13 13:00:03,365 - main - INFO - Simulation time: 2026-02-06 06:40:00, time step: 3800
2026-07-13 13:00:07,857 - main - INFO - Simulation time: 2026-02-06 10:00:00, time step: 3900
2026-07-13 13:00:11,423 - main - INFO - Simulation time: 2026-02-06 13:20:00, time step: 4000
2026-07-13 13:00:14,816 - main - INFO - Simulation time: 2026-02-06 16:40:00, time step: 4100
2026-07-13 13:00:18,177 - main - INFO - Simulation time: 2026-02-06 20:00:00, time step: 4200
2026-07-13 13:00:21,418 - main - INFO - Simulation time: 2026-02-06 23:20:00, time step: 4300
2026-07-13 13:00:22,057 - main - INFO - Plotting analysis cov_ground_track
2026-07-13 13:00:22,427 - main - INFO - Plotting analysis cov_satellite_contour
2026-07-13 13:00:22,648 - main - INFO - Plotting analysis cov_pass_time
2026-07-13 13:00:23,087 - main - INFO - Plotting analysis obs_swath_push_broom
2026-07-13 13:00:24,043 - main - INFO - User revisit 0 of 2555
2026-07-13 13:00:24,048 - main - INFO - User revisit 1000 of 2555
2026-07-13 13:00:24,050 - main - INFO - User revisit 2000 of 2555
2026-07-13 13:00:24,469 - main - INFO - Plotting analysis pow_battery_depth_discharge
2026-07-13 13:00:24,596 - main - INFO - Plotting analysis pow_eclipse_duration
2026-07-13 13:00:24,656 - main - INFO - Plotting analysis dat_storage
2026-07-13 13:00:24,787 - main - INFO - Plotting analysis dat_latency
2026-07-13 13:00:25,014 - main - INFO - Plotting analysis orb_deltav_element
2026-07-13 13:00:25,017 - main - INFO - orb_deltav_element: no TargetValue given, using the initial Altitude of the simulation
2026-07-13 13:00:25,018 - main - INFO - orb_deltav_element: Altitude kept within +/- 500.0 of 805413 with 0 maneuver(s), total delta-v 0.000 m/s (0.0 m/s/year)
