2026-07-13 12:41:15,186 - main - INFO - {'constellation_id': 1, 'constellation_name': 'CIMR', 'num_sat': 1, 'num_planes': 1, 'rx_constellation': '1', 'elevation_mask': [], 'el_mask_max': [], 'uere_list': [], 'tle_file_name': None, 'obs_inci_angle_start': None, 'obs_inci_angle_stop': None, 'obs_swath_start': None, 'obs_swath_stop': 950000.0, 'frontal_area': None, 'mass': None}
2026-07-13 12:41:15,186 - main - INFO - {'constellation_id': 1, 'constellation_name': 'CIMR', 'sat_id': 1, 'plane': 1, 'name': '', 'rx_constellation': '1', 'ltan': 6.0, 'sso_raan_ref': None, 'sso_raan_ref_mjd': 0.0, 'elevation_mask': [], 'el_mask_max': [], 'uere_list': [], 'kepler': <segments.KeplerSet object at 0x0000016DA1B95010>, 'tle_line1': '', 'tle_line2': '', 'frontal_area': None, 'mass': None, 'satrec': None, 'pos_eci': array([0., 0., 0.]), 'vel_eci': array([0., 0., 0.]), 'pos_ecf': array([0., 0., 0.]), 'vel_ecf': array([0., 0., 0.]), 'lla': array([0., 0., 0.]), 'idx_stat_in_view': [], 'idx_sat_in_view': [], 'obs_inci_angle_start': None, 'obs_inci_angle_stop': None, 'obs_swath_start': None, 'obs_swath_stop': None, 'p1': array([0., 0., 0.]), 'p2': array([0., 0., 0.]), 'p3': array([0., 0., 0.]), 'p4': array([0., 0., 0.])}
2026-07-13 12:41:15,353 - main - INFO - {'constellation_id': 1, 'station_id': 1, 'station_name': 'Svalbard', 'rx_constellation': '1', 'elevation_mask': [0.08726646259971647], 'el_mask_max': [1.5707963267948966], 'pos_eci': array([0., 0., 0.]), 'vel_eci': array([0., 0., 0.]), 'pos_ecf': array([1258510.20963674,  346840.52633098, 6222642.71559272]), 'vel_ecf': array([0., 0., 0.]), 'lla': array([1.36535362e+00, 2.68920331e-01, 4.50000000e+02]), 'idx_sat_in_view': []}
2026-07-13 12:41:15,354 - main - INFO - {'constellation_id': 1, 'station_id': 2, 'station_name': 'Inuvik', 'rx_constellation': '1', 'elevation_mask': [0.08726646259971647], 'el_mask_max': [1.5707963267948966], 'pos_eci': array([0., 0., 0.]), 'vel_eci': array([0., 0., 0.]), 'pos_ecf': array([-1628187.49450202, -1712815.57936226,  5904413.45706325]), 'vel_ecf': array([0., 0., 0.]), 'lla': array([ 1.19239149, -2.33086976, 90.        ]), 'idx_sat_in_view': []}
2026-07-13 12:41:15,409 - main - INFO - {'type': 'Grid', 'user_id': 2554, 'rx_constellation': '1', 'name': '', 'ltan': -1, 'sso_raan_ref': None, 'sso_raan_ref_mjd': 0.0, 'elevation_mask': [0.08726646259971647], 'el_mask_max': [1.5707963267948966], 'pos_eci': array([0., 0., 0.]), 'vel_eci': array([0., 0., 0.]), 'pos_ecf': array([-5.57747059e+05,  6.83043151e-11,  6.33240086e+06]), 'vel_ecf': array([0., 0., 0.]), 'norm_ecf': 0, 'lla': array([1.48352986, 3.14159265, 0.        ]), 'num_lat': 35, 'num_lon': 73, 'idx_sat_in_view': [], 'tle_file_name': '', 'kepler': <segments.KeplerSet object at 0x0000016DA33A2710>, 'UserName': 'Grid'}
2026-07-13 12:41:15,412 - main - INFO - HPOP configuration: {'integrator_min_step': 0.001, 'integrator_max_step': 300.0, 'integrator_position_tolerance': 1.0, 'mass': 2200.0, 'geopotential': True, 'geopotential_degree': 21, 'geopotential_order': 21, 'earth_pole_rotation': True, 'drag': True, 'drag_area': 12.0, 'drag_cd': 2.2, 'drag_model': 'NRLMSISE00', 'solar_radiation_pressure': True, 'srp_area': 30.0, 'srp_cr': 1.5, 'third_body_sun': True, 'third_body_moon': True, 'third_body_planets': False, 'solid_tides': True, 'ocean_tides': False, 'ocean_tides_degree': 4, 'ocean_tides_order': 4, 'relativity': False}
2026-07-13 12:41:15,412 - main - INFO - Loaded simulation, start MJD: 61072.0, stop MJD: 61075.0, size time steps in sec: 60.0
2026-07-13 12:41:15,412 - main - INFO - Loaded 2 number of Station to Spacecraft links
2026-07-13 12:41:15,414 - main - INFO - Loaded 2555 number of User to Spacecraft links
2026-07-13 12:41:15,414 - main - INFO - Loaded 1 number of Spacecraft to Spacecraft links
2026-07-13 12:41:16,264 - main - INFO - HPOP: Orekit JVM started and physical data loaded
2026-07-13 12:41:30,980 - main - INFO - HPOP: generated dense ephemerides for 1 satellite(s) from MJD 61072.0 to 61075.0
2026-07-13 12:41:30,998 - main - INFO - Power Analysis Initialized
2026-07-13 12:41:30,998 - main - INFO - Eclipse Duration Analysis Initialized
2026-07-13 12:41:30,999 - main - INFO - Data Storage Analysis Initialized
2026-07-13 12:41:30,999 - main - INFO - Data Analysis Initialized with 15.0min ground delay
2026-07-13 12:41:30,999 - main - INFO - Finished reading configuration file
2026-07-13 12:41:31,038 - main - INFO - Simulation time: 2026-02-01 00:00:00, time step: 0
2026-07-13 12:41:34,000 - main - INFO - Simulation time: 2026-02-01 01:40:00, time step: 100
2026-07-13 12:41:36,809 - main - INFO - Simulation time: 2026-02-01 03:20:00, time step: 200
2026-07-13 12:41:39,746 - main - INFO - Simulation time: 2026-02-01 05:00:00, time step: 300
2026-07-13 12:41:42,639 - main - INFO - Simulation time: 2026-02-01 06:40:00, time step: 400
2026-07-13 12:41:45,870 - main - INFO - Simulation time: 2026-02-01 08:20:00, time step: 500
2026-07-13 12:41:49,099 - main - INFO - Simulation time: 2026-02-01 10:00:00, time step: 600
2026-07-13 12:41:53,195 - main - INFO - Simulation time: 2026-02-01 11:40:00, time step: 700
2026-07-13 12:41:57,920 - main - INFO - Simulation time: 2026-02-01 13:20:00, time step: 800
2026-07-13 12:42:02,372 - main - INFO - Simulation time: 2026-02-01 15:00:00, time step: 900
2026-07-13 12:42:06,181 - main - INFO - Simulation time: 2026-02-01 16:40:00, time step: 1000
2026-07-13 12:42:10,220 - main - INFO - Simulation time: 2026-02-01 18:20:00, time step: 1100
2026-07-13 12:42:13,399 - main - INFO - Simulation time: 2026-02-01 20:00:00, time step: 1200
2026-07-13 12:42:16,570 - main - INFO - Simulation time: 2026-02-01 21:40:00, time step: 1300
2026-07-13 12:42:20,158 - main - INFO - Simulation time: 2026-02-01 23:20:00, time step: 1400
2026-07-13 12:42:23,307 - main - INFO - Simulation time: 2026-02-02 01:00:00, time step: 1500
2026-07-13 12:42:26,614 - main - INFO - Simulation time: 2026-02-02 02:40:00, time step: 1600
2026-07-13 12:42:29,818 - main - INFO - Simulation time: 2026-02-02 04:20:00, time step: 1700
2026-07-13 12:42:33,006 - main - INFO - Simulation time: 2026-02-02 06:00:00, time step: 1800
2026-07-13 12:42:36,249 - main - INFO - Simulation time: 2026-02-02 07:40:00, time step: 1900
2026-07-13 12:42:40,052 - main - INFO - Simulation time: 2026-02-02 09:20:00, time step: 2000
2026-07-13 12:42:43,566 - main - INFO - Simulation time: 2026-02-02 11:00:00, time step: 2100
2026-07-13 12:42:46,891 - main - INFO - Simulation time: 2026-02-02 12:40:00, time step: 2200
2026-07-13 12:42:50,880 - main - INFO - Simulation time: 2026-02-02 14:20:00, time step: 2300
2026-07-13 12:42:54,700 - main - INFO - Simulation time: 2026-02-02 16:00:00, time step: 2400
2026-07-13 12:42:58,353 - main - INFO - Simulation time: 2026-02-02 17:40:00, time step: 2500
2026-07-13 12:43:01,802 - main - INFO - Simulation time: 2026-02-02 19:20:00, time step: 2600
2026-07-13 12:43:05,271 - main - INFO - Simulation time: 2026-02-02 21:00:00, time step: 2700
2026-07-13 12:43:08,571 - main - INFO - Simulation time: 2026-02-02 22:40:00, time step: 2800
2026-07-13 12:43:11,954 - main - INFO - Simulation time: 2026-02-03 00:20:00, time step: 2900
2026-07-13 12:43:15,195 - main - INFO - Simulation time: 2026-02-03 02:00:00, time step: 3000
2026-07-13 12:43:18,961 - main - INFO - Simulation time: 2026-02-03 03:40:00, time step: 3100
2026-07-13 12:43:22,919 - main - INFO - Simulation time: 2026-02-03 05:20:00, time step: 3200
2026-07-13 12:43:26,199 - main - INFO - Simulation time: 2026-02-03 07:00:00, time step: 3300
2026-07-13 12:43:30,049 - main - INFO - Simulation time: 2026-02-03 08:40:00, time step: 3400
2026-07-13 12:43:33,671 - main - INFO - Simulation time: 2026-02-03 10:20:00, time step: 3500
2026-07-13 12:43:37,824 - main - INFO - Simulation time: 2026-02-03 12:00:00, time step: 3600
2026-07-13 12:43:41,604 - main - INFO - Simulation time: 2026-02-03 13:40:00, time step: 3700
2026-07-13 12:43:45,390 - main - INFO - Simulation time: 2026-02-03 15:20:00, time step: 3800
2026-07-13 12:43:48,720 - main - INFO - Simulation time: 2026-02-03 17:00:00, time step: 3900
2026-07-13 12:43:52,363 - main - INFO - Simulation time: 2026-02-03 18:40:00, time step: 4000
2026-07-13 12:43:56,062 - main - INFO - Simulation time: 2026-02-03 20:20:00, time step: 4100
2026-07-13 12:44:00,628 - main - INFO - Simulation time: 2026-02-03 22:00:00, time step: 4200
2026-07-13 12:44:04,137 - main - INFO - Simulation time: 2026-02-03 23:40:00, time step: 4300
2026-07-13 12:44:04,766 - main - INFO - Plotting analysis cov_ground_track
2026-07-13 12:44:05,141 - main - INFO - Plotting analysis cov_satellite_contour
2026-07-13 12:44:05,358 - main - INFO - Plotting analysis cov_pass_time
2026-07-13 12:44:05,763 - main - INFO - Plotting analysis obs_swath_conical
2026-07-13 12:44:06,325 - main - INFO - User revisit 0 of 2555
2026-07-13 12:44:06,335 - main - INFO - User revisit 1000 of 2555
2026-07-13 12:44:06,346 - main - INFO - User revisit 2000 of 2555
2026-07-13 12:44:06,778 - main - INFO - Plotting analysis pow_battery_depth_discharge
2026-07-13 12:44:06,891 - main - INFO - Plotting analysis pow_eclipse_duration
2026-07-13 12:44:06,955 - main - INFO - Plotting analysis dat_storage
2026-07-13 12:44:07,064 - main - INFO - Plotting analysis dat_latency
2026-07-13 12:44:07,286 - main - INFO - Plotting analysis orb_deltav_element
2026-07-13 12:44:07,288 - main - INFO - orb_deltav_element: no TargetValue given, using the initial Altitude of the simulation
2026-07-13 12:44:07,290 - main - INFO - orb_deltav_element: Altitude kept within +/- 500.0 of 808000 with 0 maneuver(s), total delta-v 0.000 m/s (0.0 m/s/year)
