2026-07-13 12:37:52,043 - main - INFO - {'constellation_id': 1, 'constellation_name': 'CHIME', 'num_sat': 2, 'num_planes': 1, 'rx_constellation': '1', 'elevation_mask': [], 'el_mask_max': [], 'uere_list': [], 'tle_file_name': None, 'obs_inci_angle_start': None, 'obs_inci_angle_stop': None, 'obs_swath_start': -65000.0, 'obs_swath_stop': 65000.0, 'frontal_area': None, 'mass': None}
2026-07-13 12:37:52,043 - main - INFO - {'constellation_id': 1, 'constellation_name': 'CHIME', 'sat_id': 1, 'plane': 1, 'name': '', 'rx_constellation': '1', 'ltan': 22.5, 'sso_raan_ref': None, 'sso_raan_ref_mjd': 0.0, 'elevation_mask': [], 'el_mask_max': [], 'uere_list': [], 'kepler': <segments.KeplerSet object at 0x00000216F9CC9010>, 'tle_line1': '', 'tle_line2': '', 'frontal_area': None, 'mass': None, 'satrec': None, 'pos_eci': array([0., 0., 0.]), 'vel_eci': array([0., 0., 0.]), 'pos_ecf': array([0., 0., 0.]), 'vel_ecf': array([0., 0., 0.]), 'lla': array([0., 0., 0.]), 'idx_stat_in_view': [], 'idx_sat_in_view': [], 'obs_inci_angle_start': None, 'obs_inci_angle_stop': None, 'obs_swath_start': None, 'obs_swath_stop': None, 'p1': array([0., 0., 0.]), 'p2': array([0., 0., 0.]), 'p3': array([0., 0., 0.]), 'p4': array([0., 0., 0.])}
2026-07-13 12:37:52,054 - main - INFO - {'constellation_id': 1, 'constellation_name': 'CHIME', 'sat_id': 2, 'plane': 1, 'name': '', 'rx_constellation': '1', 'ltan': 22.5, 'sso_raan_ref': None, 'sso_raan_ref_mjd': 0.0, 'elevation_mask': [], 'el_mask_max': [], 'uere_list': [], 'kepler': <segments.KeplerSet object at 0x00000216F9BA6E90>, 'tle_line1': '', 'tle_line2': '', 'frontal_area': None, 'mass': None, 'satrec': None, 'pos_eci': array([0., 0., 0.]), 'vel_eci': array([0., 0., 0.]), 'pos_ecf': array([0., 0., 0.]), 'vel_ecf': array([0., 0., 0.]), 'lla': array([0., 0., 0.]), 'idx_stat_in_view': [], 'idx_sat_in_view': [], 'obs_inci_angle_start': None, 'obs_inci_angle_stop': None, 'obs_swath_start': None, 'obs_swath_stop': None, 'p1': array([0., 0., 0.]), 'p2': array([0., 0., 0.]), 'p3': array([0., 0., 0.]), 'p4': array([0., 0., 0.])}
2026-07-13 12:37:52,234 - main - INFO - {'constellation_id': 1, 'station_id': 1, 'station_name': 'Svalbard', 'rx_constellation': '1', 'elevation_mask': [0.08726646259971647], 'el_mask_max': [1.5707963267948966], 'pos_eci': array([0., 0., 0.]), 'vel_eci': array([0., 0., 0.]), 'pos_ecf': array([1258510.20963674,  346840.52633098, 6222642.71559272]), 'vel_ecf': array([0., 0., 0.]), 'lla': array([1.36535362e+00, 2.68920331e-01, 4.50000000e+02]), 'idx_sat_in_view': []}
2026-07-13 12:37:52,235 - main - INFO - {'constellation_id': 1, 'station_id': 2, 'station_name': 'Inuvik', 'rx_constellation': '1', 'elevation_mask': [0.08726646259971647], 'el_mask_max': [1.5707963267948966], 'pos_eci': array([0., 0., 0.]), 'vel_eci': array([0., 0., 0.]), 'pos_ecf': array([-1628187.49450202, -1712815.57936226,  5904413.45706325]), 'vel_ecf': array([0., 0., 0.]), 'lla': array([ 1.19239149, -2.33086976, 90.        ]), 'idx_sat_in_view': []}
2026-07-13 12:37:52,292 - main - INFO - {'type': 'Grid', 'user_id': 2554, 'rx_constellation': '1', 'name': '', 'ltan': -1, 'sso_raan_ref': None, 'sso_raan_ref_mjd': 0.0, 'elevation_mask': [0.08726646259971647], 'el_mask_max': [1.5707963267948966], 'pos_eci': array([0., 0., 0.]), 'vel_eci': array([0., 0., 0.]), 'pos_ecf': array([-5.57747059e+05,  6.83043151e-11,  6.33240086e+06]), 'vel_ecf': array([0., 0., 0.]), 'norm_ecf': 0, 'lla': array([1.48352986, 3.14159265, 0.        ]), 'num_lat': 35, 'num_lon': 73, 'idx_sat_in_view': [], 'tle_file_name': '', 'kepler': <segments.KeplerSet object at 0x00000216FB4E2990>, 'UserName': 'Grid'}
2026-07-13 12:37:52,295 - main - INFO - HPOP configuration: {'integrator_min_step': 0.001, 'integrator_max_step': 300.0, 'integrator_position_tolerance': 1.0, 'mass': 1100.0, 'geopotential': True, 'geopotential_degree': 21, 'geopotential_order': 21, 'earth_pole_rotation': True, 'drag': True, 'drag_area': 6.0, 'drag_cd': 2.2, 'drag_model': 'NRLMSISE00', 'solar_radiation_pressure': True, 'srp_area': 18.0, 'srp_cr': 1.5, 'third_body_sun': True, 'third_body_moon': True, 'third_body_planets': False, 'solid_tides': True, 'ocean_tides': False, 'ocean_tides_degree': 4, 'ocean_tides_order': 4, 'relativity': False}
2026-07-13 12:37:52,295 - main - INFO - Loaded simulation, start MJD: 61072.0, stop MJD: 61078.0, size time steps in sec: 120.0
2026-07-13 12:37:52,295 - main - INFO - Loaded 4 number of Station to Spacecraft links
2026-07-13 12:37:52,299 - main - INFO - Loaded 5110 number of User to Spacecraft links
2026-07-13 12:37:52,299 - main - INFO - Loaded 4 number of Spacecraft to Spacecraft links
2026-07-13 12:37:53,135 - main - INFO - HPOP: Orekit JVM started and physical data loaded
2026-07-13 12:38:15,288 - main - INFO - HPOP: generated dense ephemerides for 2 satellite(s) from MJD 61072.0 to 61078.0
2026-07-13 12:38:15,304 - main - INFO - Power Analysis Initialized
2026-07-13 12:38:15,304 - main - INFO - Eclipse Duration Analysis Initialized
2026-07-13 12:38:15,304 - main - INFO - Data Storage Analysis Initialized
2026-07-13 12:38:15,304 - main - INFO - Data Analysis Initialized with 15.0min ground delay
2026-07-13 12:38:15,304 - main - INFO - Finished reading configuration file
2026-07-13 12:38:15,362 - main - INFO - Simulation time: 2026-02-01 00:00:00, time step: 0
2026-07-13 12:38:18,789 - main - INFO - Simulation time: 2026-02-01 03:20:00, time step: 100
2026-07-13 12:38:21,891 - main - INFO - Simulation time: 2026-02-01 06:40:00, time step: 200
2026-07-13 12:38:26,391 - main - INFO - Simulation time: 2026-02-01 10:00:00, time step: 300
2026-07-13 12:38:30,014 - main - INFO - Simulation time: 2026-02-01 13:20:00, time step: 400
2026-07-13 12:38:34,259 - main - INFO - Simulation time: 2026-02-01 16:40:00, time step: 500
2026-07-13 12:38:38,682 - main - INFO - Simulation time: 2026-02-01 20:00:00, time step: 600
2026-07-13 12:38:42,207 - main - INFO - Simulation time: 2026-02-01 23:20:00, time step: 700
2026-07-13 12:38:45,888 - main - INFO - Simulation time: 2026-02-02 02:40:00, time step: 800
2026-07-13 12:38:50,228 - main - INFO - Simulation time: 2026-02-02 06:00:00, time step: 900
2026-07-13 12:38:53,933 - main - INFO - Simulation time: 2026-02-02 09:20:00, time step: 1000
2026-07-13 12:38:58,597 - main - INFO - Simulation time: 2026-02-02 12:40:00, time step: 1100
2026-07-13 12:39:02,802 - main - INFO - Simulation time: 2026-02-02 16:00:00, time step: 1200
2026-07-13 12:39:06,406 - main - INFO - Simulation time: 2026-02-02 19:20:00, time step: 1300
2026-07-13 12:39:10,000 - main - INFO - Simulation time: 2026-02-02 22:40:00, time step: 1400
2026-07-13 12:39:13,831 - main - INFO - Simulation time: 2026-02-03 02:00:00, time step: 1500
2026-07-13 12:39:17,216 - main - INFO - Simulation time: 2026-02-03 05:20:00, time step: 1600
2026-07-13 12:39:20,768 - main - INFO - Simulation time: 2026-02-03 08:40:00, time step: 1700
2026-07-13 12:39:24,485 - main - INFO - Simulation time: 2026-02-03 12:00:00, time step: 1800
2026-07-13 12:39:28,154 - main - INFO - Simulation time: 2026-02-03 15:20:00, time step: 1900
2026-07-13 12:39:32,285 - main - INFO - Simulation time: 2026-02-03 18:40:00, time step: 2000
2026-07-13 12:39:36,042 - main - INFO - Simulation time: 2026-02-03 22:00:00, time step: 2100
2026-07-13 12:39:40,444 - main - INFO - Simulation time: 2026-02-04 01:20:00, time step: 2200
2026-07-13 12:39:44,902 - main - INFO - Simulation time: 2026-02-04 04:40:00, time step: 2300
2026-07-13 12:39:49,078 - main - INFO - Simulation time: 2026-02-04 08:00:00, time step: 2400
2026-07-13 12:39:52,788 - main - INFO - Simulation time: 2026-02-04 11:20:00, time step: 2500
2026-07-13 12:39:57,076 - main - INFO - Simulation time: 2026-02-04 14:40:00, time step: 2600
2026-07-13 12:40:00,865 - main - INFO - Simulation time: 2026-02-04 18:00:00, time step: 2700
2026-07-13 12:40:05,240 - main - INFO - Simulation time: 2026-02-04 21:20:00, time step: 2800
2026-07-13 12:40:09,186 - main - INFO - Simulation time: 2026-02-05 00:40:00, time step: 2900
2026-07-13 12:40:12,653 - main - INFO - Simulation time: 2026-02-05 04:00:00, time step: 3000
2026-07-13 12:40:16,578 - main - INFO - Simulation time: 2026-02-05 07:20:00, time step: 3100
2026-07-13 12:40:20,403 - main - INFO - Simulation time: 2026-02-05 10:40:00, time step: 3200
2026-07-13 12:40:24,404 - main - INFO - Simulation time: 2026-02-05 14:00:00, time step: 3300
2026-07-13 12:40:28,484 - main - INFO - Simulation time: 2026-02-05 17:20:00, time step: 3400
2026-07-13 12:40:32,266 - main - INFO - Simulation time: 2026-02-05 20:40:00, time step: 3500
2026-07-13 12:40:35,726 - main - INFO - Simulation time: 2026-02-06 00:00:00, time step: 3600
2026-07-13 12:40:39,743 - main - INFO - Simulation time: 2026-02-06 03:20:00, time step: 3700
2026-07-13 12:40:43,649 - main - INFO - Simulation time: 2026-02-06 06:40:00, time step: 3800
2026-07-13 12:40:47,439 - main - INFO - Simulation time: 2026-02-06 10:00:00, time step: 3900
2026-07-13 12:40:51,709 - main - INFO - Simulation time: 2026-02-06 13:20:00, time step: 4000
2026-07-13 12:40:56,570 - main - INFO - Simulation time: 2026-02-06 16:40:00, time step: 4100
2026-07-13 12:41:01,457 - main - INFO - Simulation time: 2026-02-06 20:00:00, time step: 4200
2026-07-13 12:41:05,945 - main - INFO - Simulation time: 2026-02-06 23:20:00, time step: 4300
2026-07-13 12:41:06,625 - main - INFO - Plotting analysis cov_ground_track
2026-07-13 12:41:07,033 - main - INFO - Plotting analysis cov_satellite_contour
2026-07-13 12:41:07,249 - main - INFO - Plotting analysis cov_pass_time
2026-07-13 12:41:07,722 - main - INFO - Plotting analysis obs_swath_push_broom
2026-07-13 12:41:08,731 - main - INFO - User revisit 0 of 2555
2026-07-13 12:41:08,738 - main - INFO - User revisit 1000 of 2555
2026-07-13 12:41:08,742 - main - INFO - User revisit 2000 of 2555
2026-07-13 12:41:09,144 - main - INFO - Plotting analysis pow_battery_depth_discharge
2026-07-13 12:41:09,273 - main - INFO - Plotting analysis pow_eclipse_duration
2026-07-13 12:41:09,332 - main - INFO - Plotting analysis dat_storage
2026-07-13 12:41:09,474 - main - INFO - Plotting analysis dat_latency
2026-07-13 12:41:09,685 - main - INFO - Plotting analysis orb_deltav_element
2026-07-13 12:41:09,687 - main - INFO - orb_deltav_element: no TargetValue given, using the initial Altitude of the simulation
2026-07-13 12:41:09,688 - main - INFO - orb_deltav_element: Altitude kept within +/- 500.0 of 622808 with 0 maneuver(s), total delta-v 0.000 m/s (0.0 m/s/year)
